<?xml version="1.0" encoding="UTF-8"?>
<!-- Generated by org.testng.reporters.JUnitReportReporter -->
<testsuite hostname="DESKTOP-G7O44RL" failures="0" tests="1" name="TestCases.DataDrivenSignup" time="80.754" errors="0" timestamp="2024-03-21T11:47:52 IST" skipped="0">
  <testcase classname="TestCases.DataDrivenSignup" name="logintest1" time="80.754"/>
</testsuite> <!-- TestCases.DataDrivenSignup -->
