<?xml version="1.0" encoding="UTF-8"?>
<!-- Generated by org.testng.reporters.JUnitReportReporter -->
<testsuite hostname="DESKTOP-G7O44RL" failures="0" tests="1" name="TestCases.LoginTestSearch" time="96.010" errors="0" timestamp="2024-03-26T12:18:06 IST" skipped="0">
  <testcase classname="TestCases.LoginTestSearch" name="logintest" time="96.010"/>
</testsuite> <!-- TestCases.LoginTestSearch -->
